<?xml version="1.0" encoding="UTF-8"?>
<!-- Generated by org.testng.reporters.JUnitReportReporter -->
<testsuite skipped="0" hostname="LenovoUser-PC" name="com.leafBot.testcases.TC003_CreateLead" tests="2" failures="0" timestamp="2020-05-04T12:16:32 IST" time="60.821" errors="0">
  <testcase name="createLead" time="34.551" classname="com.leafBot.testcases.TC003_CreateLead"/>
  <testcase name="createLead" time="26.270" classname="com.leafBot.testcases.TC003_CreateLead"/>
</testsuite> <!-- com.leafBot.testcases.TC003_CreateLead -->
