<?xml version="1.0" encoding="UTF-8"?>
<!-- Generated by org.testng.reporters.JUnitReportReporter -->
<testsuite skipped="0" hostname="LenovoUser-PC" name="com.leafBot.testcases.TC001_LoginLogOut" tests="3" failures="0" timestamp="2020-07-13T10:27:56 IST" time="36.939" errors="0">
  <testcase name="createLeaf" time="11.094" classname="com.leafBot.testcases.TC001_LoginLogOut"/>
  <testcase name="createLeaf" time="17.265" classname="com.leafBot.testcases.TC001_LoginLogOut"/>
  <testcase name="createLeaf" time="8.580" classname="com.leafBot.testcases.TC001_LoginLogOut"/>
</testsuite> <!-- com.leafBot.testcases.TC001_LoginLogOut -->
