<?xml version="1.0" encoding="UTF-8"?>
<!-- Generated by org.testng.reporters.JUnitReportReporter -->
<testsuite skipped="0" hostname="LenovoUser-PC" name="com.leafBot.testcases.TC004_EditLead" tests="1" failures="0" timestamp="2020-05-04T12:16:32 IST" time="29.051" errors="0">
  <testcase name="editLead" time="29.051" classname="com.leafBot.testcases.TC004_EditLead"/>
</testsuite> <!-- com.leafBot.testcases.TC004_EditLead -->
